[
  {
    "line": 1,
    "elements": [
      {
        "start_timestamp": "2020-04-12T22:46:58.087Z",
        "before": [
          {
            "result": {
              "duration": 5795000000,
              "status": "passed"
            },
            "match": {
              "location": "steps.ServiceHooks.setUp()"
            }
          }
        ],
        "line": 4,
        "name": "The application home page is identifiable and user clicks on sign in option",
        "description": "",
        "id": "automation-practice-workflow;the-application-home-page-is-identifiable-and-user-clicks-on-sign-in-option",
        "after": [
          {
            "result": {
              "duration": 112000000,
              "status": "passed"
            },
            "match": {
              "location": "steps.ServiceHooks.tearDown()"
            }
          }
        ],
        "type": "scenario",
        "keyword": "Scenario",
        "steps": [
          {
            "result": {
              "error_message": "org.openqa.selenium.NoSuchWindowException: no such window: target window already closed\nfrom unknown error: web view not found\n  (Session info: chrome\u003d80.0.3987.163)\nBuild info: version: \u00273.141.59\u0027, revision: \u0027e82be7d358\u0027, time: \u00272018-11-14T08:17:03\u0027\nSystem info: host: \u0027Aruns-MacBook-Pro.local\u0027, ip: \u0027fe80:0:0:0:c7a:6f14:d8d1:6322%en0\u0027, os.name: \u0027Mac OS X\u0027, os.arch: \u0027x86_64\u0027, os.version: \u002710.14.3\u0027, java.version: \u00271.8.0_202\u0027\nDriver info: org.openqa.selenium.chrome.ChromeDriver\nCapabilities {acceptInsecureCerts: true, browserName: chrome, browserVersion: 80.0.3987.163, chrome: {chromedriverVersion: 80.0.3987.106 (f68069574609..., userDataDir: /var/folders/_x/tpbg0k6d6t3...}, goog:chromeOptions: {debuggerAddress: localhost:64953}, javascriptEnabled: true, networkConnectionEnabled: false, pageLoadStrategy: normal, platform: MAC, platformName: MAC, proxy: Proxy(), setWindowRect: true, strictFileInteractability: false, timeouts: {implicit: 0, pageLoad: 300000, script: 30000}, unhandledPromptBehavior: dismiss and notify}\nSession ID: 8090915b511a3b538e3929641d413f43\n\tat sun.reflect.NativeConstructorAccessorImpl.newInstance0(Native Method)\n\tat sun.reflect.NativeConstructorAccessorImpl.newInstance(NativeConstructorAccessorImpl.java:62)\n\tat sun.reflect.DelegatingConstructorAccessorImpl.newInstance(DelegatingConstructorAccessorImpl.java:45)\n\tat java.lang.reflect.Constructor.newInstance(Constructor.java:423)\n\tat org.openqa.selenium.remote.http.W3CHttpResponseCodec.createException(W3CHttpResponseCodec.java:187)\n\tat org.openqa.selenium.remote.http.W3CHttpResponseCodec.decode(W3CHttpResponseCodec.java:122)\n\tat org.openqa.selenium.remote.http.W3CHttpResponseCodec.decode(W3CHttpResponseCodec.java:49)\n\tat org.openqa.selenium.remote.HttpCommandExecutor.execute(HttpCommandExecutor.java:158)\n\tat org.openqa.selenium.remote.service.DriverCommandExecutor.execute(DriverCommandExecutor.java:83)\n\tat org.openqa.selenium.remote.RemoteWebDriver.execute(RemoteWebDriver.java:552)\n\tat org.openqa.selenium.remote.RemoteWebDriver.execute(RemoteWebDriver.java:609)\n\tat org.openqa.selenium.remote.RemoteWebDriver.getTitle(RemoteWebDriver.java:281)\n\tat com.automationpractice.pages.actions.UserAccountPageActions.checkForTitle(UserAccountPageActions.java:73)\n\tat steps.AddtoCartandPaymentSteps.user_is_on_the_Automation_Practice_home_page(AddtoCartandPaymentSteps.java:178)\n\tat ✽.user is on the Automation Practice home page(file:///Users/arun/Documents/TestProject/src/test/resources/FeatureFiles/AutomationPractice.feature:5)\n",
              "duration": 104000000,
              "status": "failed"
            },
            "line": 5,
            "name": "user is on the Automation Practice home page",
            "match": {
              "location": "steps.AddtoCartandPaymentSteps.user_is_on_the_Automation_Practice_home_page()"
            },
            "keyword": "Given "
          },
          {
            "result": {
              "status": "skipped"
            },
            "line": 6,
            "name": "I click on the Sign in Page",
            "match": {
              "location": "steps.AddtoCartandPaymentSteps.i_click_on_the_Sign_in_Page()"
            },
            "keyword": "When "
          },
          {
            "result": {
              "status": "skipped"
            },
            "line": 7,
            "name": "I should be able to view the Sign In page",
            "match": {
              "location": "steps.AddtoCartandPaymentSteps.i_should_be_able_to_view_the_Sign_In_page()"
            },
            "keyword": "Then "
          }
        ],
        "tags": [
          {
            "name": "@valid"
          }
        ]
      },
      {
        "start_timestamp": "2020-04-12T22:47:04.236Z",
        "before": [
          {
            "result": {
              "duration": 3273000000,
              "status": "passed"
            },
            "match": {
              "location": "steps.ServiceHooks.setUp()"
            }
          }
        ],
        "line": 9,
        "name": "Create an account and select a product and add to cart and complete the payment",
        "description": "",
        "id": "automation-practice-workflow;create-an-account-and-select-a-product-and-add-to-cart-and-complete-the-payment",
        "after": [
          {
            "result": {
              "duration": 109000000,
              "status": "passed"
            },
            "match": {
              "location": "steps.ServiceHooks.tearDown()"
            }
          }
        ],
        "type": "scenario",
        "keyword": "Scenario",
        "steps": [
          {
            "result": {
              "error_message": "org.openqa.selenium.NoSuchWindowException: no such window: target window already closed\nfrom unknown error: web view not found\n  (Session info: chrome\u003d80.0.3987.163)\nBuild info: version: \u00273.141.59\u0027, revision: \u0027e82be7d358\u0027, time: \u00272018-11-14T08:17:03\u0027\nSystem info: host: \u0027Aruns-MacBook-Pro.local\u0027, ip: \u0027fe80:0:0:0:c7a:6f14:d8d1:6322%en0\u0027, os.name: \u0027Mac OS X\u0027, os.arch: \u0027x86_64\u0027, os.version: \u002710.14.3\u0027, java.version: \u00271.8.0_202\u0027\nDriver info: org.openqa.selenium.chrome.ChromeDriver\nCapabilities {acceptInsecureCerts: true, browserName: chrome, browserVersion: 80.0.3987.163, chrome: {chromedriverVersion: 80.0.3987.106 (f68069574609..., userDataDir: /var/folders/_x/tpbg0k6d6t3...}, goog:chromeOptions: {debuggerAddress: localhost:65011}, javascriptEnabled: true, networkConnectionEnabled: false, pageLoadStrategy: normal, platform: MAC, platformName: MAC, proxy: Proxy(), setWindowRect: true, strictFileInteractability: false, timeouts: {implicit: 0, pageLoad: 300000, script: 30000}, unhandledPromptBehavior: dismiss and notify}\nSession ID: dae6efa8dbd477c653fc6ce728221b4d\n*** Element info: {Using\u003dcss selector, value\u003da.login}\n\tat sun.reflect.NativeConstructorAccessorImpl.newInstance0(Native Method)\n\tat sun.reflect.NativeConstructorAccessorImpl.newInstance(NativeConstructorAccessorImpl.java:62)\n\tat sun.reflect.DelegatingConstructorAccessorImpl.newInstance(DelegatingConstructorAccessorImpl.java:45)\n\tat java.lang.reflect.Constructor.newInstance(Constructor.java:423)\n\tat org.openqa.selenium.remote.http.W3CHttpResponseCodec.createException(W3CHttpResponseCodec.java:187)\n\tat org.openqa.selenium.remote.http.W3CHttpResponseCodec.decode(W3CHttpResponseCodec.java:122)\n\tat org.openqa.selenium.remote.http.W3CHttpResponseCodec.decode(W3CHttpResponseCodec.java:49)\n\tat org.openqa.selenium.remote.HttpCommandExecutor.execute(HttpCommandExecutor.java:158)\n\tat org.openqa.selenium.remote.service.DriverCommandExecutor.execute(DriverCommandExecutor.java:83)\n\tat org.openqa.selenium.remote.RemoteWebDriver.execute(RemoteWebDriver.java:552)\n\tat org.openqa.selenium.remote.RemoteWebDriver.findElement(RemoteWebDriver.java:323)\n\tat org.openqa.selenium.remote.RemoteWebDriver.findElementByCssSelector(RemoteWebDriver.java:420)\n\tat org.openqa.selenium.By$ByCssSelector.findElement(By.java:431)\n\tat org.openqa.selenium.remote.RemoteWebDriver.findElement(RemoteWebDriver.java:315)\n\tat org.openqa.selenium.support.pagefactory.DefaultElementLocator.findElement(DefaultElementLocator.java:69)\n\tat org.openqa.selenium.support.pagefactory.internal.LocatingElementHandler.invoke(LocatingElementHandler.java:38)\n\tat com.sun.proxy.$Proxy17.click(Unknown Source)\n\tat com.automationpractice.pages.actions.HomePageActions.clickonSignIn(HomePageActions.java:17)\n\tat steps.AddtoCartandPaymentSteps.user_is_on_the_Sign_in_home_page(AddtoCartandPaymentSteps.java:26)\n\tat ✽.user is on the Sign in home page(file:///Users/arun/Documents/TestProject/src/test/resources/FeatureFiles/AutomationPractice.feature:10)\n",
              "duration": 11000000,
              "status": "failed"
            },
            "line": 10,
            "name": "user is on the Sign in home page",
            "match": {
              "location": "steps.AddtoCartandPaymentSteps.user_is_on_the_Sign_in_home_page()"
            },
            "keyword": "Given "
          },
          {
            "result": {
              "duration": 1000000,
              "status": "skipped"
            },
            "line": 11,
            "name": "I provide the email address",
            "match": {
              "location": "steps.AddtoCartandPaymentSteps.i_provide_the_email_address()"
            },
            "keyword": "When "
          },
          {
            "result": {
              "duration": 1000000,
              "status": "skipped"
            },
            "line": 12,
            "name": "I click on the Create an account button",
            "match": {
              "location": "steps.AddtoCartandPaymentSteps.i_click_on_the_Create_an_account_button()"
            },
            "keyword": "And "
          },
          {
            "result": {
              "duration": 5000000,
              "status": "skipped"
            },
            "line": 13,
            "name": "I enter the First name \u003cFirstName\u003e and Last Name \u003cLastName\u003e and Password \u003cPassword\u003e",
            "match": {
              "location": "steps.AddtoCartandPaymentSteps.i_enter_the_First_name_FirstName_and_Last_Name_LastName_and_Password_Password(io.cucumber.datatable.DataTable)"
            },
            "rows": [
              {
                "cells": [
                  "FirstName",
                  "LastName",
                  "Password"
                ]
              },
              {
                "cells": [
                  "Arun",
                  "Srid",
                  "Password123"
                ]
              }
            ],
            "keyword": "And "
          },
          {
            "result": {
              "duration": 1000000,
              "status": "skipped"
            },
            "line": 16,
            "name": "I select the Date \u003cDate\u003e Month \u003cMonth\u003e and Year \u003cYear\u003e",
            "match": {
              "location": "steps.AddtoCartandPaymentSteps.i_select_the_Date_Date_Month_Month_and_Year_Year(io.cucumber.datatable.DataTable)"
            },
            "rows": [
              {
                "cells": [
                  "Date",
                  "Month",
                  "Year"
                ]
              },
              {
                "cells": [
                  "1",
                  "3",
                  "1980"
                ]
              }
            ],
            "keyword": "And "
          },
          {
            "result": {
              "duration": 1000000,
              "status": "skipped"
            },
            "line": 19,
            "name": "I select the address details with FirstName \u003cFirstName\u003e LastName \u003cLastName\u003e Address \u003cAddress\u003e City \u003cCity\u003e State \u003cState\u003e ZipCode \u003cPostalCode\u003e Country \u003cCountry\u003e MobilePhone \u003cPhoneNumber\u003e",
            "match": {
              "location": "steps.AddtoCartandPaymentSteps.i_select_the_address_details_with_FirstName_FirstName_LastName_LastName_Address_Address_City_City_State_State_ZipCode_PostalCode_Country_Country_MobilePhone_PhoneNumber(io.cucumber.datatable.DataTable)"
            },
            "rows": [
              {
                "cells": [
                  "FirstName",
                  "LastName",
                  "Address",
                  "City",
                  "State",
                  "PostalCode",
                  "Country",
                  "PhoneNumber"
                ]
              },
              {
                "cells": [
                  "Arun",
                  "Srid",
                  "436A",
                  "US",
                  "5",
                  "00000",
                  "21",
                  "85462323"
                ]
              }
            ],
            "keyword": "And "
          },
          {
            "result": {
              "duration": 1000000,
              "status": "skipped"
            },
            "line": 22,
            "name": "I click on the Register button",
            "match": {
              "location": "steps.AddtoCartandPaymentSteps.i_click_on_the_Register_button()"
            },
            "keyword": "And "
          },
          {
            "result": {
              "status": "skipped"
            },
            "line": 23,
            "name": "I navigate to dress tab",
            "match": {
              "location": "steps.AddtoCartandPaymentSteps.i_navigate_to_dress_tab()"
            },
            "keyword": "And "
          },
          {
            "result": {
              "status": "skipped"
            },
            "line": 24,
            "name": "I Select a dress and Add to cart",
            "match": {
              "location": "steps.AddtoCartandPaymentSteps.i_Select_a_dress_and_Add_to_cart()"
            },
            "keyword": "And "
          },
          {
            "result": {
              "duration": 1000000,
              "status": "skipped"
            },
            "line": 25,
            "name": "Click on the Proceed to checkout on Summary tab",
            "match": {
              "location": "steps.AddtoCartandPaymentSteps.click_on_the_Proceed_to_checkout_on_Summary_tab()"
            },
            "keyword": "And "
          },
          {
            "result": {
              "duration": 1000000,
              "status": "skipped"
            },
            "line": 26,
            "name": "Click on the Proceed to checkout on Address tab",
            "match": {
              "location": "steps.AddtoCartandPaymentSteps.click_on_the_Proceed_to_checkout_on_Address_tab()"
            },
            "keyword": "And "
          },
          {
            "result": {
              "duration": 1000000,
              "status": "skipped"
            },
            "line": 27,
            "name": "I check the Terms of service and Click on the Proceed to checkout on Shipping tab",
            "match": {
              "location": "steps.AddtoCartandPaymentSteps.i_check_the_Terms_of_service_and_Click_on_the_Proceed_to_checkout_on_Shipping_tab()"
            },
            "keyword": "And "
          },
          {
            "result": {
              "duration": 1000000,
              "status": "skipped"
            },
            "line": 28,
            "name": "I click on the Pay by wire option",
            "match": {
              "location": "steps.AddtoCartandPaymentSteps.i_click_on_the_Pay_by_wire_option()"
            },
            "keyword": "And "
          },
          {
            "result": {
              "duration": 1000000,
              "status": "skipped"
            },
            "line": 29,
            "name": "I click on the I confirm my order",
            "match": {
              "location": "steps.AddtoCartandPaymentSteps.i_click_on_the_I_confirm_my_order()"
            },
            "keyword": "And "
          },
          {
            "result": {
              "status": "skipped"
            },
            "line": 30,
            "name": "I should be able to view the order confirmation page",
            "match": {
              "location": "steps.AddtoCartandPaymentSteps.i_should_be_able_to_view_the_order_confirmation_page()"
            },
            "keyword": "Then "
          }
        ]
      },
      {
        "start_timestamp": "2020-04-12T22:47:07.677Z",
        "before": [
          {
            "result": {
              "duration": 5679000000,
              "status": "passed"
            },
            "match": {
              "location": "steps.ServiceHooks.setUp()"
            }
          }
        ],
        "line": 32,
        "name": "When user tries to create account with existing email, an error should be prompted",
        "description": "",
        "id": "automation-practice-workflow;when-user-tries-to-create-account-with-existing-email--an-error-should-be-prompted",
        "after": [
          {
            "result": {
              "duration": 114000000,
              "status": "passed"
            },
            "match": {
              "location": "steps.ServiceHooks.tearDown()"
            }
          }
        ],
        "type": "scenario",
        "keyword": "Scenario",
        "steps": [
          {
            "result": {
              "error_message": "org.openqa.selenium.NoSuchWindowException: no such window: target window already closed\nfrom unknown error: web view not found\n  (Session info: chrome\u003d80.0.3987.163)\nBuild info: version: \u00273.141.59\u0027, revision: \u0027e82be7d358\u0027, time: \u00272018-11-14T08:17:03\u0027\nSystem info: host: \u0027Aruns-MacBook-Pro.local\u0027, ip: \u0027fe80:0:0:0:c7a:6f14:d8d1:6322%en0\u0027, os.name: \u0027Mac OS X\u0027, os.arch: \u0027x86_64\u0027, os.version: \u002710.14.3\u0027, java.version: \u00271.8.0_202\u0027\nDriver info: org.openqa.selenium.chrome.ChromeDriver\nCapabilities {acceptInsecureCerts: true, browserName: chrome, browserVersion: 80.0.3987.163, chrome: {chromedriverVersion: 80.0.3987.106 (f68069574609..., userDataDir: /var/folders/_x/tpbg0k6d6t3...}, goog:chromeOptions: {debuggerAddress: localhost:65058}, javascriptEnabled: true, networkConnectionEnabled: false, pageLoadStrategy: normal, platform: MAC, platformName: MAC, proxy: Proxy(), setWindowRect: true, strictFileInteractability: false, timeouts: {implicit: 0, pageLoad: 300000, script: 30000}, unhandledPromptBehavior: dismiss and notify}\nSession ID: 86e5aee000545fd073c468e063b2045b\n*** Element info: {Using\u003dcss selector, value\u003da.login}\n\tat sun.reflect.NativeConstructorAccessorImpl.newInstance0(Native Method)\n\tat sun.reflect.NativeConstructorAccessorImpl.newInstance(NativeConstructorAccessorImpl.java:62)\n\tat sun.reflect.DelegatingConstructorAccessorImpl.newInstance(DelegatingConstructorAccessorImpl.java:45)\n\tat java.lang.reflect.Constructor.newInstance(Constructor.java:423)\n\tat org.openqa.selenium.remote.http.W3CHttpResponseCodec.createException(W3CHttpResponseCodec.java:187)\n\tat org.openqa.selenium.remote.http.W3CHttpResponseCodec.decode(W3CHttpResponseCodec.java:122)\n\tat org.openqa.selenium.remote.http.W3CHttpResponseCodec.decode(W3CHttpResponseCodec.java:49)\n\tat org.openqa.selenium.remote.HttpCommandExecutor.execute(HttpCommandExecutor.java:158)\n\tat org.openqa.selenium.remote.service.DriverCommandExecutor.execute(DriverCommandExecutor.java:83)\n\tat org.openqa.selenium.remote.RemoteWebDriver.execute(RemoteWebDriver.java:552)\n\tat org.openqa.selenium.remote.RemoteWebDriver.findElement(RemoteWebDriver.java:323)\n\tat org.openqa.selenium.remote.RemoteWebDriver.findElementByCssSelector(RemoteWebDriver.java:420)\n\tat org.openqa.selenium.By$ByCssSelector.findElement(By.java:431)\n\tat org.openqa.selenium.remote.RemoteWebDriver.findElement(RemoteWebDriver.java:315)\n\tat org.openqa.selenium.support.pagefactory.DefaultElementLocator.findElement(DefaultElementLocator.java:69)\n\tat org.openqa.selenium.support.pagefactory.internal.LocatingElementHandler.invoke(LocatingElementHandler.java:38)\n\tat com.sun.proxy.$Proxy17.click(Unknown Source)\n\tat com.automationpractice.pages.actions.HomePageActions.clickonSignIn(HomePageActions.java:17)\n\tat steps.AddtoCartandPaymentSteps.user_is_on_the_Sign_in_home_page(AddtoCartandPaymentSteps.java:26)\n\tat ✽.user is on the Sign in home page(file:///Users/arun/Documents/TestProject/src/test/resources/FeatureFiles/AutomationPractice.feature:33)\n",
              "duration": 10000000,
              "status": "failed"
            },
            "line": 33,
            "name": "user is on the Sign in home page",
            "match": {
              "location": "steps.AddtoCartandPaymentSteps.user_is_on_the_Sign_in_home_page()"
            },
            "keyword": "Given "
          },
          {
            "result": {
              "status": "skipped"
            },
            "line": 34,
            "name": "I provide the existing email address \u003cemail\u003e",
            "match": {
              "location": "steps.AddtoCartandPaymentSteps.i_provide_the_existing_email_address_email(io.cucumber.datatable.DataTable)"
            },
            "rows": [
              {
                "cells": [
                  "email"
                ]
              },
              {
                "cells": [
                  "arun@test1.com"
                ]
              }
            ],
            "keyword": "When "
          },
          {
            "result": {
              "status": "skipped"
            },
            "line": 37,
            "name": "I click on the Create an account button",
            "match": {
              "location": "steps.AddtoCartandPaymentSteps.i_click_on_the_Create_an_account_button()"
            },
            "keyword": "And "
          },
          {
            "result": {
              "status": "skipped"
            },
            "line": 38,
            "name": "I should be getting an error message stating account already exists",
            "match": {
              "location": "steps.AddtoCartandPaymentSteps.i_should_be_getting_an_error_message_stating_account_already_exists()"
            },
            "keyword": "Then "
          }
        ]
      },
      {
        "start_timestamp": "2020-04-12T22:47:13.497Z",
        "before": [
          {
            "result": {
              "error_message": "java.lang.AssertionError: null\n\tat org.testng.Assert.fail(Assert.java:97)\n\tat org.testng.Assert.fail(Assert.java:102)\n\tat com.automationpractice.testengine.TestDriver.initiateDriverSession(TestDriver.java:35)\n\tat steps.ServiceHooks.setUp(ServiceHooks.java:15)\n",
              "duration": 3034000000,
              "status": "failed"
            },
            "match": {
              "location": "steps.ServiceHooks.setUp()"
            }
          }
        ],
        "line": 40,
        "name": "Existing user performs the sign",
        "description": "",
        "id": "automation-practice-workflow;existing-user-performs-the-sign",
        "after": [
          {
            "result": {
              "duration": 84000000,
              "status": "passed"
            },
            "match": {
              "location": "steps.ServiceHooks.tearDown()"
            }
          }
        ],
        "type": "scenario",
        "keyword": "Scenario",
        "steps": [
          {
            "result": {
              "duration": 1000000,
              "status": "skipped"
            },
            "line": 41,
            "name": "user is on the Sign in home page",
            "match": {
              "location": "steps.AddtoCartandPaymentSteps.user_is_on_the_Sign_in_home_page()"
            },
            "keyword": "Given "
          },
          {
            "result": {
              "duration": 1000000,
              "status": "skipped"
            },
            "line": 42,
            "name": "I provide the existing email address \u003cemail\u003e and password \u003cpassword\u003e in the already registered section",
            "match": {
              "location": "steps.AddtoCartandPaymentSteps.i_provide_the_existing_email_address_email_and_password_password_in_the_already_registered_section(io.cucumber.datatable.DataTable)"
            },
            "rows": [
              {
                "cells": [
                  "email",
                  "password"
                ]
              },
              {
                "cells": [
                  "e@test.com",
                  "12345"
                ]
              }
            ],
            "keyword": "When "
          },
          {
            "result": {
              "duration": 1000000,
              "status": "skipped"
            },
            "line": 45,
            "name": "I should be able to login and land in the account me page",
            "match": {
              "location": "steps.AddtoCartandPaymentSteps.i_should_be_able_to_login_and_land_in_the_account_me_page()"
            },
            "keyword": "Then "
          }
        ]
      },
      {
        "start_timestamp": "2020-04-12T22:47:16.628Z",
        "before": [
          {
            "result": {
              "duration": 3741000000,
              "status": "passed"
            },
            "match": {
              "location": "steps.ServiceHooks.setUp()"
            }
          }
        ],
        "line": 48,
        "name": "Create user account with all mandatory details",
        "description": "",
        "id": "automation-practice-workflow;create-user-account-with-all-mandatory-details",
        "after": [
          {
            "result": {
              "duration": 91000000,
              "status": "passed"
            },
            "match": {
              "location": "steps.ServiceHooks.tearDown()"
            }
          }
        ],
        "type": "scenario",
        "keyword": "Scenario",
        "steps": [
          {
            "result": {
              "error_message": "org.openqa.selenium.NoSuchWindowException: no such window: target window already closed\nfrom unknown error: web view not found\n  (Session info: chrome\u003d80.0.3987.163)\nBuild info: version: \u00273.141.59\u0027, revision: \u0027e82be7d358\u0027, time: \u00272018-11-14T08:17:03\u0027\nSystem info: host: \u0027Aruns-MacBook-Pro.local\u0027, ip: \u0027fe80:0:0:0:c7a:6f14:d8d1:6322%en0\u0027, os.name: \u0027Mac OS X\u0027, os.arch: \u0027x86_64\u0027, os.version: \u002710.14.3\u0027, java.version: \u00271.8.0_202\u0027\nDriver info: org.openqa.selenium.chrome.ChromeDriver\nCapabilities {acceptInsecureCerts: true, browserName: chrome, browserVersion: 80.0.3987.163, chrome: {chromedriverVersion: 80.0.3987.106 (f68069574609..., userDataDir: /var/folders/_x/tpbg0k6d6t3...}, goog:chromeOptions: {debuggerAddress: localhost:65154}, javascriptEnabled: true, networkConnectionEnabled: false, pageLoadStrategy: normal, platform: MAC, platformName: MAC, proxy: Proxy(), setWindowRect: true, strictFileInteractability: false, timeouts: {implicit: 0, pageLoad: 300000, script: 30000}, unhandledPromptBehavior: dismiss and notify}\nSession ID: 9d0fa77186a39621c821887c01bfc45b\n*** Element info: {Using\u003dcss selector, value\u003da.login}\n\tat sun.reflect.NativeConstructorAccessorImpl.newInstance0(Native Method)\n\tat sun.reflect.NativeConstructorAccessorImpl.newInstance(NativeConstructorAccessorImpl.java:62)\n\tat sun.reflect.DelegatingConstructorAccessorImpl.newInstance(DelegatingConstructorAccessorImpl.java:45)\n\tat java.lang.reflect.Constructor.newInstance(Constructor.java:423)\n\tat org.openqa.selenium.remote.http.W3CHttpResponseCodec.createException(W3CHttpResponseCodec.java:187)\n\tat org.openqa.selenium.remote.http.W3CHttpResponseCodec.decode(W3CHttpResponseCodec.java:122)\n\tat org.openqa.selenium.remote.http.W3CHttpResponseCodec.decode(W3CHttpResponseCodec.java:49)\n\tat org.openqa.selenium.remote.HttpCommandExecutor.execute(HttpCommandExecutor.java:158)\n\tat org.openqa.selenium.remote.service.DriverCommandExecutor.execute(DriverCommandExecutor.java:83)\n\tat org.openqa.selenium.remote.RemoteWebDriver.execute(RemoteWebDriver.java:552)\n\tat org.openqa.selenium.remote.RemoteWebDriver.findElement(RemoteWebDriver.java:323)\n\tat org.openqa.selenium.remote.RemoteWebDriver.findElementByCssSelector(RemoteWebDriver.java:420)\n\tat org.openqa.selenium.By$ByCssSelector.findElement(By.java:431)\n\tat org.openqa.selenium.remote.RemoteWebDriver.findElement(RemoteWebDriver.java:315)\n\tat org.openqa.selenium.support.pagefactory.DefaultElementLocator.findElement(DefaultElementLocator.java:69)\n\tat org.openqa.selenium.support.pagefactory.internal.LocatingElementHandler.invoke(LocatingElementHandler.java:38)\n\tat com.sun.proxy.$Proxy17.click(Unknown Source)\n\tat com.automationpractice.pages.actions.HomePageActions.clickonSignIn(HomePageActions.java:17)\n\tat steps.AddtoCartandPaymentSteps.user_is_on_the_Sign_in_home_page(AddtoCartandPaymentSteps.java:26)\n\tat ✽.user is on the Sign in home page(file:///Users/arun/Documents/TestProject/src/test/resources/FeatureFiles/AutomationPractice.feature:49)\n",
              "duration": 6000000,
              "status": "failed"
            },
            "line": 49,
            "name": "user is on the Sign in home page",
            "match": {
              "location": "steps.AddtoCartandPaymentSteps.user_is_on_the_Sign_in_home_page()"
            },
            "keyword": "Given "
          },
          {
            "result": {
              "duration": 1000000,
              "status": "skipped"
            },
            "line": 50,
            "name": "I provide the email address",
            "match": {
              "location": "steps.AddtoCartandPaymentSteps.i_provide_the_email_address()"
            },
            "keyword": "When "
          },
          {
            "result": {
              "duration": 1000000,
              "status": "skipped"
            },
            "line": 51,
            "name": "I click on the Create an account button",
            "match": {
              "location": "steps.AddtoCartandPaymentSteps.i_click_on_the_Create_an_account_button()"
            },
            "keyword": "And "
          },
          {
            "result": {
              "duration": 1000000,
              "status": "skipped"
            },
            "line": 52,
            "name": "I enter the First name \u003cFirstName\u003e and Last Name \u003cLastName\u003e and Password \u003cPassword\u003e",
            "match": {
              "location": "steps.AddtoCartandPaymentSteps.i_enter_the_First_name_FirstName_and_Last_Name_LastName_and_Password_Password(io.cucumber.datatable.DataTable)"
            },
            "rows": [
              {
                "cells": [
                  "FirstName",
                  "LastName",
                  "Password"
                ]
              },
              {
                "cells": [
                  "Arun",
                  "Srid",
                  "Password123"
                ]
              }
            ],
            "keyword": "And "
          },
          {
            "result": {
              "duration": 1000000,
              "status": "skipped"
            },
            "line": 55,
            "name": "I select the Date \u003cDate\u003e Month \u003cMonth\u003e and Year \u003cYear\u003e",
            "match": {
              "location": "steps.AddtoCartandPaymentSteps.i_select_the_Date_Date_Month_Month_and_Year_Year(io.cucumber.datatable.DataTable)"
            },
            "rows": [
              {
                "cells": [
                  "Date",
                  "Month",
                  "Year"
                ]
              },
              {
                "cells": [
                  "1",
                  "3",
                  "1980"
                ]
              }
            ],
            "keyword": "And "
          },
          {
            "result": {
              "duration": 1000000,
              "status": "skipped"
            },
            "line": 58,
            "name": "I select the address details with FirstName \u003cFirstName\u003e LastName \u003cLastName\u003e Address \u003cAddress\u003e City \u003cCity\u003e State \u003cState\u003e ZipCode \u003cPostalCode\u003e Country \u003cCountry\u003e MobilePhone \u003cPhoneNumber\u003e",
            "match": {
              "location": "steps.AddtoCartandPaymentSteps.i_select_the_address_details_with_FirstName_FirstName_LastName_LastName_Address_Address_City_City_State_State_ZipCode_PostalCode_Country_Country_MobilePhone_PhoneNumber(io.cucumber.datatable.DataTable)"
            },
            "rows": [
              {
                "cells": [
                  "FirstName",
                  "LastName",
                  "Address",
                  "City",
                  "State",
                  "PostalCode",
                  "Country",
                  "PhoneNumber"
                ]
              },
              {
                "cells": [
                  "Arun",
                  "Srid",
                  "436A",
                  "US",
                  "5",
                  "00000",
                  "21",
                  "85462323"
                ]
              }
            ],
            "keyword": "And "
          },
          {
            "result": {
              "duration": 1000000,
              "status": "skipped"
            },
            "line": 61,
            "name": "I click on the Register button",
            "match": {
              "location": "steps.AddtoCartandPaymentSteps.i_click_on_the_Register_button()"
            },
            "keyword": "And "
          }
        ]
      }
    ],
    "name": "Automation Practice workflow",
    "description": "",
    "id": "automation-practice-workflow",
    "keyword": "Feature",
    "uri": "file:src/test/resources/FeatureFiles/AutomationPractice.feature",
    "tags": []
  }
]